Executing action: flash
Running ninja in directory /home/phil/work/esp32/esp32_btaudio/esp_bt_audio_source/build
Executing "ninja flash"...
[1/10] Performing build step for 'bootloader'
[1/1] cd /home/phil/work/esp32/esp32_btaudio/esp_bt_audio_source/build/bootloader/esp-idf/esptool_py && /home/phil/.espressif/python_env/idf5.4_py3.10_env/bin/python /home/phil/esp/v5.4.1/esp-idf/components/partition_table/check_sizes.py --offset 0x8000 bootloader 0x1000 /home/phil/work/esp32/esp32_btaudio/esp_bt_audio_source/build/bootloader/bootloader.bin
Bootloader binary size 0x6580 bytes. 0xa80 bytes (9%) free.
[2/8] Building C object esp-idf/main/CMakeFiles/__idf_main.dir/audio_processor.c.obj
FAILED: esp-idf/main/CMakeFiles/__idf_main.dir/audio_processor.c.obj 
/home/phil/.espressif/tools/xtensa-esp-elf/esp-14.2.0_20241119/xtensa-esp-elf/bin/xtensa-esp32-elf-gcc -DESP_PLATFORM -DIDF_VER=\"v5.4.1-dirty\" -DSOC_MMU_PAGE_SIZE=CONFIG_MMU_PAGE_SIZE -DSOC_XTAL_FREQ_MHZ=CONFIG_XTAL_FREQ -D_GLIBCXX_HAVE_POSIX_SEMAPHORE -D_GLIBCXX_USE_POSIX_SEMAPHORE -D_GNU_SOURCE -D_POSIX_READER_WRITER_LOCKS -I/home/phil/work/esp32/esp32_btaudio/esp_bt_audio_source/build/config -I/home/phil/work/esp32/esp32_btaudio/esp_bt_audio_source/main/include -I/home/phil/work/esp32/esp32_btaudio/esp_bt_audio_source/components/components/unity/unity/extras/memory/src -I/home/phil/work/esp32/esp32_btaudio/esp_bt_audio_source/components/components/newlib/platform_include -I/home/phil/work/esp32/esp32_btaudio/esp_bt_audio_source/components/components/freertos/config/include -I/home/phil/work/esp32/esp32_btaudio/esp_bt_audio_source/components/components/freertos/config/include/freertos -I/home/phil/work/esp32/esp32_btaudio/esp_bt_audio_source/components/components/freertos/config/xtensa/include -I/home/phil/work/esp32/esp32_btaudio/esp_bt_audio_source/components/components/freertos/FreeRTOS-Kernel/include -I/home/phil/work/esp32/esp32_btaudio/esp_bt_audio_source/components/components/freertos/FreeRTOS-Kernel/portable/xtensa/include -I/home/phil/work/esp32/esp32_btaudio/esp_bt_audio_source/components/components/freertos/FreeRTOS-Kernel/portable/xtensa/include/freertos -I/home/phil/work/esp32/esp32_btaudio/esp_bt_audio_source/components/components/freertos/esp_additions/include -I/home/phil/work/esp32/esp32_btaudio/esp_bt_audio_source/components/components/esp_hw_support/include -I/home/phil/work/esp32/esp32_btaudio/esp_bt_audio_source/components/components/esp_hw_support/include/soc -I/home/phil/work/esp32/esp32_btaudio/esp_bt_audio_source/components/components/esp_hw_support/include/soc/esp32 -I/home/phil/work/esp32/esp32_btaudio/esp_bt_audio_source/components/components/esp_hw_support/dma/include -I/home/phil/work/esp32/esp32_btaudio/esp_bt_audio_source/components/components/esp_hw_support/ldo/include -I/home/phil/work/esp32/esp32_btaudio/esp_bt_audio_source/components/components/esp_hw_support/debug_probe/include -I/home/phil/work/esp32/esp32_btaudio/esp_bt_audio_source/components/components/esp_hw_support/port/esp32/. -I/home/phil/work/esp32/esp32_btaudio/esp_bt_audio_source/components/components/esp_hw_support/port/esp32/include -I/home/phil/work/esp32/esp32_btaudio/esp_bt_audio_source/components/components/heap/include -I/home/phil/work/esp32/esp32_btaudio/esp_bt_audio_source/components/components/heap/tlsf -I/home/phil/work/esp32/esp32_btaudio/esp_bt_audio_source/components/components/log/include -I/home/phil/work/esp32/esp32_btaudio/esp_bt_audio_source/components/components/soc/include -I/home/phil/work/esp32/esp32_btaudio/esp_bt_audio_source/components/components/soc/esp32 -I/home/phil/work/esp32/esp32_btaudio/esp_bt_audio_source/components/components/soc/esp32/include -I/home/phil/work/esp32/esp32_btaudio/esp_bt_audio_source/components/components/soc/esp32/register -I/home/phil/work/esp32/esp32_btaudio/esp_bt_audio_source/components/components/hal/platform_port/include -I/home/phil/work/esp32/esp32_btaudio/esp_bt_audio_source/components/components/hal/esp32/include -I/home/phil/work/esp32/esp32_btaudio/esp_bt_audio_source/components/components/hal/include -I/home/phil/work/esp32/esp32_btaudio/esp_bt_audio_source/components/components/esp_rom/include -I/home/phil/work/esp32/esp32_btaudio/esp_bt_audio_source/components/components/esp_rom/esp32/include -I/home/phil/work/esp32/esp32_btaudio/esp_bt_audio_source/components/components/esp_rom/esp32/include/esp32 -I/home/phil/work/esp32/esp32_btaudio/esp_bt_audio_source/components/components/esp_rom/esp32 -I/home/phil/work/esp32/esp32_btaudio/esp_bt_audio_source/components/components/esp_common/include -I/home/phil/work/esp32/esp32_btaudio/esp_bt_audio_source/components/components/esp_system/include -I/home/phil/work/esp32/esp32_btaudio/esp_bt_audio_source/components/components/esp_system/port/soc -I/home/phil/work/esp32/esp32_btaudio/esp_bt_audio_source/components/components/esp_system/port/include/private -I/home/phil/work/esp32/esp32_btaudio/esp_bt_audio_source/components/components/xtensa/esp32/include -I/home/phil/work/esp32/esp32_btaudio/esp_bt_audio_source/components/components/xtensa/include -I/home/phil/work/esp32/esp32_btaudio/esp_bt_audio_source/components/components/xtensa/deprecated_include -I/home/phil/work/esp32/esp32_btaudio/esp_bt_audio_source/components/components/lwip/include -I/home/phil/work/esp32/esp32_btaudio/esp_bt_audio_source/components/components/lwip/include/apps -I/home/phil/work/esp32/esp32_btaudio/esp_bt_audio_source/components/components/lwip/include/apps/sntp -I/home/phil/work/esp32/esp32_btaudio/esp_bt_audio_source/components/components/lwip/lwip/src/include -I/home/phil/work/esp32/esp32_btaudio/esp_bt_audio_source/components/components/lwip/port/include -I/home/phil/work/esp32/esp32_btaudio/esp_bt_audio_source/components/components/lwip/port/freertos/include -I/home/phil/work/esp32/esp32_btaudio/esp_bt_audio_source/components/components/lwip/port/esp32xx/include -I/home/phil/work/esp32/esp32_btaudio/esp_bt_audio_source/components/components/lwip/port/esp32xx/include/arch -I/home/phil/work/esp32/esp32_btaudio/esp_bt_audio_source/components/components/lwip/port/esp32xx/include/sys -I/home/phil/work/esp32/esp32_btaudio/esp_bt_audio_source/components/components/bt/include/esp32/include -I/home/phil/work/esp32/esp32_btaudio/esp_bt_audio_source/components/components/bt/common/osi/include -I/home/phil/work/esp32/esp32_btaudio/esp_bt_audio_source/components/components/bt/common/api/include/api -I/home/phil/work/esp32/esp32_btaudio/esp_bt_audio_source/components/components/bt/common/btc/profile/esp/include -I/home/phil/work/esp32/esp32_btaudio/esp_bt_audio_source/components/components/bt/common/hci_log/include -I/home/phil/work/esp32/esp32_btaudio/esp_bt_audio_source/components/components/bt/common/ble_log/include -I/home/phil/work/esp32/esp32_btaudio/esp_bt_audio_source/components/components/bt/host/bluedroid/api/include/api -I/home/phil/work/esp32/esp32_btaudio/esp_bt_audio_source/components/components/bt/host/bluedroid/common/include -I/home/phil/work/esp32/esp32_btaudio/esp_bt_audio_source/components/components/bt/host/bluedroid/stack/include -I/home/phil/work/esp32/esp32_btaudio/esp_bt_audio_source/components/components/bt/host/bluedroid/stack/gatt/include -I/home/phil/work/esp32/esp32_btaudio/esp_bt_audio_source/components/components/bt/host/bluedroid/stack/gap/include -I/home/phil/work/esp32/esp32_btaudio/esp_bt_audio_source/components/components/bt/common/btc/profile/esp/blufi/include -I/home/phil/work/esp32/esp32_btaudio/esp_bt_audio_source/components/components/bt/porting/ext/tinycrypt/include -I/home/phil/work/esp32/esp32_btaudio/esp_bt_audio_source/components/components/esp_timer/include -I/home/phil/work/esp32/esp32_btaudio/esp_bt_audio_source/components/components/nvs_flash/include -I/home/phil/work/esp32/esp32_btaudio/esp_bt_audio_source/components/components/esp_partition/include -I/home/phil/work/esp32/esp32_btaudio/esp_bt_audio_source/components/nvs_storage -I/home/phil/work/esp32/esp32_btaudio/esp_bt_audio_source/components/components/esp_ringbuf/include -I/home/phil/work/esp32/esp32_btaudio/esp_bt_audio_source/components/components/driver/deprecated -I/home/phil/work/esp32/esp32_btaudio/esp_bt_audio_source/components/components/driver/i2c/include -I/home/phil/work/esp32/esp32_btaudio/esp_bt_audio_source/components/components/driver/touch_sensor/include -I/home/phil/work/esp32/esp32_btaudio/esp_bt_audio_source/components/components/driver/twai/include -I/home/phil/work/esp32/esp32_btaudio/esp_bt_audio_source/components/components/driver/touch_sensor/esp32/include -I/home/phil/work/esp32/esp32_btaudio/esp_bt_audio_source/components/components/esp_pm/include -I/home/phil/work/esp32/esp32_btaudio/esp_bt_audio_source/components/components/esp_driver_gpio/include -I/home/phil/work/esp32/esp32_btaudio/esp_bt_audio_source/components/components/esp_driver_pcnt/include -I/home/phil/work/esp32/esp32_btaudio/esp_bt_audio_source/components/components/esp_driver_gptimer/include -I/home/phil/work/esp32/esp32_btaudio/esp_bt_audio_source/components/components/esp_driver_spi/include -I/home/phil/work/esp32/esp32_btaudio/esp_bt_audio_source/components/components/esp_driver_mcpwm/include -I/home/phil/work/esp32/esp32_btaudio/esp_bt_audio_source/components/components/esp_driver_ana_cmpr/include -I/home/phil/work/esp32/esp32_btaudio/esp_bt_audio_source/components/components/esp_driver_i2s/include -I/home/phil/work/esp32/esp32_btaudio/esp_bt_audio_source/components/components/esp_driver_sdmmc/include -I/home/phil/work/esp32/esp32_btaudio/esp_bt_audio_source/components/components/sdmmc/include -I/home/phil/work/esp32/esp32_btaudio/esp_bt_audio_source/components/components/esp_driver_sdspi/include -I/home/phil/work/esp32/esp32_btaudio/esp_bt_audio_source/components/components/esp_driver_sdio/include -I/home/phil/work/esp32/esp32_btaudio/esp_bt_audio_source/components/components/esp_driver_dac/include -I/home/phil/work/esp32/esp32_btaudio/esp_bt_audio_source/components/components/esp_driver_rmt/include -I/home/phil/work/esp32/esp32_btaudio/esp_bt_audio_source/components/components/esp_driver_tsens/include -I/home/phil/work/esp32/esp32_btaudio/esp_bt_audio_source/components/components/esp_driver_sdm/include -I/home/phil/work/esp32/esp32_btaudio/esp_bt_audio_source/components/components/esp_driver_i2c/include -I/home/phil/work/esp32/esp32_btaudio/esp_bt_audio_source/components/components/esp_driver_uart/include -I/home/phil/work/esp32/esp32_btaudio/esp_bt_audio_source/components/components/vfs/include -I/home/phil/work/esp32/esp32_btaudio/esp_bt_audio_source/components/components/esp_driver_ledc/include -I/home/phil/work/esp32/esp32_btaudio/esp_bt_audio_source/components/components/esp_driver_parlio/include -I/home/phil/work/esp32/esp32_btaudio/esp_bt_audio_source/components/components/esp_driver_usb_serial_jtag/include -I/home/phil/work/esp32/esp32_btaudio/esp_bt_audio_source/components/bluetooth/include -I/home/phil/work/esp32/esp32_btaudio/esp_bt_audio_source/components/bt_manager/include -I/home/phil/work/esp32/esp32_btaudio/esp_bt_audio_source/components/command_interface/include -mlongcalls -Wno-frame-address  -fno-builtin-memcpy -fno-builtin-memset -fno-builtin-bzero -fno-builtin-stpcpy -fno-builtin-strncpy -ffunction-sections -fdata-sections -Wall -Werror=all -Wno-error=unused-function -Wno-error=unused-variable -Wno-error=unused-but-set-variable -Wno-error=deprecated-declarations -Wextra -Wno-error=extra -Wno-unused-parameter -Wno-sign-compare -Wno-enum-conversion -gdwarf-4 -ggdb -Og -fno-shrink-wrap -fmacro-prefix-map=/home/phil/work/esp32/esp32_btaudio/esp_bt_audio_source=. -fmacro-prefix-map=/home/phil/esp/v5.4.1/esp-idf=/IDF -fstrict-volatile-bitfields -fno-jump-tables -fno-tree-switch-conversion -std=gnu17 -Wno-old-style-declaration -MD -MT esp-idf/main/CMakeFiles/__idf_main.dir/audio_processor.c.obj -MF esp-idf/main/CMakeFiles/__idf_main.dir/audio_processor.c.obj.d -o esp-idf/main/CMakeFiles/__idf_main.dir/audio_processor.c.obj -c /home/phil/work/esp32/esp32_btaudio/esp_bt_audio_source/main/audio_processor.c
/home/phil/work/esp32/esp32_btaudio/esp_bt_audio_source/main/audio_processor.c: In function 'i2s_reader_task':
/home/phil/work/esp32/esp32_btaudio/esp_bt_audio_source/main/audio_processor.c:1630:19: warning: variable 'last_i2s_ret' set but not used [-Wunused-but-set-variable]
 1630 |         esp_err_t last_i2s_ret = ESP_OK;
      |                   ^~~~~~~~~~~~
/home/phil/work/esp32/esp32_btaudio/esp_bt_audio_source/main/audio_processor.c:1729:14: error: 'have_frame' undeclared (first use in this function)
 1729 |         if (!have_frame) {
      |              ^~~~~~~~~~
/home/phil/work/esp32/esp32_btaudio/esp_bt_audio_source/main/audio_processor.c:1729:14: note: each undeclared identifier is reported only once for each function it appears in
/home/phil/work/esp32/esp32_btaudio/esp_bt_audio_source/main/audio_processor.c:1731:17: error: 'last_i2s_ret' undeclared (first use in this function)
 1731 |             if (last_i2s_ret != ESP_OK) {
      |                 ^~~~~~~~~~~~
In file included from /home/phil/work/esp32/esp32_btaudio/esp_bt_audio_source/main/audio_processor.c:10:
/home/phil/work/esp32/esp32_btaudio/esp_bt_audio_source/main/audio_processor.c:1733:71: error: 'read_request' undeclared (first use in this function)
 1733 |                          last_i2s_ret, esp_err_to_name(last_i2s_ret), read_request, frame_bytes, bytes_read);
      |                                                                       ^~~~~~~~~~~~
/home/phil/work/esp32/esp32_btaudio/esp_bt_audio_source/components/components/log/include/esp_log.h:182:137: note: in definition of macro 'ESP_LOG_LEVEL'
  182 |         if (level==ESP_LOG_ERROR )          { esp_log_write(ESP_LOG_ERROR,      tag, LOG_FORMAT(E, format), esp_log_timestamp(), tag, ##__VA_ARGS__); } \
      |                                                                                                                                         ^~~~~~~~~~~
/home/phil/work/esp32/esp32_btaudio/esp_bt_audio_source/components/components/log/include/esp_log.h:113:38: note: in expansion of macro 'ESP_LOG_LEVEL_LOCAL'
  113 | #define ESP_LOGW( tag, format, ... ) ESP_LOG_LEVEL_LOCAL(ESP_LOG_WARN,    tag, format, ##__VA_ARGS__)
      |                                      ^~~~~~~~~~~~~~~~~~~
/home/phil/work/esp32/esp32_btaudio/esp_bt_audio_source/main/audio_processor.c:1732:17: note: in expansion of macro 'ESP_LOGW'
 1732 |                 ESP_LOGW(TAG, "I2S read failed: %d (%s) requested=%zu aligned_frame_bytes=%zu got_bytes=%zu",
      |                 ^~~~~~~~
/home/phil/work/esp32/esp32_btaudio/esp_bt_audio_source/main/audio_processor.c:1733:85: error: 'frame_bytes' undeclared (first use in this function)
 1733 |                          last_i2s_ret, esp_err_to_name(last_i2s_ret), read_request, frame_bytes, bytes_read);
      |                                                                                     ^~~~~~~~~~~
/home/phil/work/esp32/esp32_btaudio/esp_bt_audio_source/components/components/log/include/esp_log.h:182:137: note: in definition of macro 'ESP_LOG_LEVEL'
  182 |         if (level==ESP_LOG_ERROR )          { esp_log_write(ESP_LOG_ERROR,      tag, LOG_FORMAT(E, format), esp_log_timestamp(), tag, ##__VA_ARGS__); } \
      |                                                                                                                                         ^~~~~~~~~~~
/home/phil/work/esp32/esp32_btaudio/esp_bt_audio_source/components/components/log/include/esp_log.h:113:38: note: in expansion of macro 'ESP_LOG_LEVEL_LOCAL'
  113 | #define ESP_LOGW( tag, format, ... ) ESP_LOG_LEVEL_LOCAL(ESP_LOG_WARN,    tag, format, ##__VA_ARGS__)
      |                                      ^~~~~~~~~~~~~~~~~~~
/home/phil/work/esp32/esp32_btaudio/esp_bt_audio_source/main/audio_processor.c:1732:17: note: in expansion of macro 'ESP_LOGW'
 1732 |                 ESP_LOGW(TAG, "I2S read failed: %d (%s) requested=%zu aligned_frame_bytes=%zu got_bytes=%zu",
      |                 ^~~~~~~~
/home/phil/work/esp32/esp32_btaudio/esp_bt_audio_source/main/audio_processor.c:1733:98: error: 'bytes_read' undeclared (first use in this function)
 1733 |                          last_i2s_ret, esp_err_to_name(last_i2s_ret), read_request, frame_bytes, bytes_read);
      |                                                                                                  ^~~~~~~~~~
/home/phil/work/esp32/esp32_btaudio/esp_bt_audio_source/components/components/log/include/esp_log.h:182:137: note: in definition of macro 'ESP_LOG_LEVEL'
  182 |         if (level==ESP_LOG_ERROR )          { esp_log_write(ESP_LOG_ERROR,      tag, LOG_FORMAT(E, format), esp_log_timestamp(), tag, ##__VA_ARGS__); } \
      |                                                                                                                                         ^~~~~~~~~~~
/home/phil/work/esp32/esp32_btaudio/esp_bt_audio_source/components/components/log/include/esp_log.h:113:38: note: in expansion of macro 'ESP_LOG_LEVEL_LOCAL'
  113 | #define ESP_LOGW( tag, format, ... ) ESP_LOG_LEVEL_LOCAL(ESP_LOG_WARN,    tag, format, ##__VA_ARGS__)
      |                                      ^~~~~~~~~~~~~~~~~~~
/home/phil/work/esp32/esp32_btaudio/esp_bt_audio_source/main/audio_processor.c:1732:17: note: in expansion of macro 'ESP_LOGW'
 1732 |                 ESP_LOGW(TAG, "I2S read failed: %d (%s) requested=%zu aligned_frame_bytes=%zu got_bytes=%zu",
      |                 ^~~~~~~~
/home/phil/work/esp32/esp32_btaudio/esp_bt_audio_source/main/audio_processor.c:1746:13: error: continue statement not within a loop
 1746 |             continue;
      |             ^~~~~~~~
/home/phil/work/esp32/esp32_btaudio/esp_bt_audio_source/main/audio_processor.c: At top level:
/home/phil/work/esp32/esp32_btaudio/esp_bt_audio_source/main/audio_processor.c:1796:1: error: expected identifier or '(' before '}' token
 1796 | }
      | ^
ninja: build stopped: subcommand failed.
ninja failed with exit code 1, output of the command is in the /home/phil/work/esp32/esp32_btaudio/esp_bt_audio_source/build/log/idf_py_stderr_output_3322355 and /home/phil/work/esp32/esp32_btaudio/esp_bt_audio_source/build/log/idf_py_stdout_output_3322355
